<?xml version="1.0" encoding="UTF-8"?>
<coverage generated="1587558154517" clover="3.2.0">
  <project timestamp="1587558154517" name="All files">
    <metrics statements="36" coveredstatements="33" conditionals="12" coveredconditionals="11" methods="6" coveredmethods="6" elements="54" coveredelements="50" complexity="0" loc="36" ncloc="36" packages="3" files="6" classes="6"/>
    <package name="everything-react-native">
      <metrics statements="5" coveredstatements="5" conditionals="2" coveredconditionals="2" methods="1" coveredmethods="1"/>
      <file name="configs.ts" path="/Users/freak/Desktop/Workspace/react-native/everything-react-native/configs.ts">
        <metrics statements="1" coveredstatements="1" conditionals="0" coveredconditionals="0" methods="0" coveredmethods="0"/>
        <line num="1" count="1" type="stmt"/>
      </file>
      <file name="utility.ts" path="/Users/freak/Desktop/Workspace/react-native/everything-react-native/utility.ts">
        <metrics statements="4" coveredstatements="4" conditionals="2" coveredconditionals="2" methods="1" coveredmethods="1"/>
        <line num="1" count="2" type="stmt"/>
        <line num="3" count="2" type="stmt"/>
        <line num="4" count="2" type="cond" truecount="2" falsecount="0"/>
        <line num="5" count="1" type="stmt"/>
      </file>
    </package>
    <package name="everything-react-native.apis">
      <metrics statements="10" coveredstatements="8" conditionals="2" coveredconditionals="2" methods="1" coveredmethods="1"/>
      <file name="userApi.ts" path="/Users/freak/Desktop/Workspace/react-native/everything-react-native/apis/userApi.ts">
        <metrics statements="10" coveredstatements="8" conditionals="2" coveredconditionals="2" methods="1" coveredmethods="1"/>
        <line num="5" count="1" type="stmt"/>
        <line num="9" count="2" type="stmt"/>
        <line num="10" count="2" type="stmt"/>
        <line num="15" count="2" type="stmt"/>
        <line num="16" count="2" type="cond" truecount="2" falsecount="0"/>
        <line num="17" count="1" type="stmt"/>
        <line num="18" count="1" type="stmt"/>
        <line num="20" count="1" type="stmt"/>
        <line num="22" count="0" type="stmt"/>
        <line num="23" count="0" type="stmt"/>
      </file>
    </package>
    <package name="everything-react-native.store.user">
      <metrics statements="21" coveredstatements="20" conditionals="8" coveredconditionals="7" methods="4" coveredmethods="4"/>
      <file name="actions.ts" path="/Users/freak/Desktop/Workspace/react-native/everything-react-native/store/user/actions.ts">
        <metrics statements="9" coveredstatements="9" conditionals="2" coveredconditionals="2" methods="3" coveredmethods="3"/>
        <line num="10" count="1" type="stmt"/>
        <line num="11" count="2" type="stmt"/>
        <line num="12" count="2" type="stmt"/>
        <line num="14" count="2" type="stmt"/>
        <line num="15" count="2" type="cond" truecount="2" falsecount="0"/>
        <line num="16" count="1" type="stmt"/>
        <line num="18" count="1" type="stmt"/>
        <line num="23" count="1" type="stmt"/>
        <line num="24" count="1" type="stmt"/>
      </file>
      <file name="reducers.ts" path="/Users/freak/Desktop/Workspace/react-native/everything-react-native/store/user/reducers.ts">
        <metrics statements="8" coveredstatements="7" conditionals="6" coveredconditionals="5" methods="1" coveredmethods="1"/>
        <line num="10" count="1" type="stmt"/>
        <line num="15" count="1" type="stmt"/>
        <line num="19" count="4" type="cond" truecount="4" falsecount="1"/>
        <line num="21" count="1" type="stmt"/>
        <line num="23" count="1" type="stmt"/>
        <line num="30" count="1" type="stmt"/>
        <line num="32" count="1" type="stmt"/>
        <line num="34" count="0" type="stmt"/>
      </file>
      <file name="types.ts" path="/Users/freak/Desktop/Workspace/react-native/everything-react-native/store/user/types.ts">
        <metrics statements="4" coveredstatements="4" conditionals="0" coveredconditionals="0" methods="0" coveredmethods="0"/>
        <line num="1" count="2" type="stmt"/>
        <line num="2" count="2" type="stmt"/>
        <line num="3" count="2" type="stmt"/>
        <line num="5" count="2" type="stmt"/>
      </file>
    </package>
  </project>
</coverage>
