{"/Users/freak/Desktop/Workspace/react-native/everything-react-native/configs.ts": {"path":"/Users/freak/Desktop/Workspace/react-native/everything-react-native/configs.ts","statementMap":{"0":{"start":{"line":1,"column":28},"end":{"line":1,"column":51}}},"fnMap":{},"branchMap":{},"s":{"0":1},"f":{},"b":{},"_coverageSchema":"1a1c01bbd47fc00a2c39e90264f33305004495a9","hash":"786938d7ad0d4bb52efa739db6711b6e96587230"}
,"/Users/freak/Desktop/Workspace/react-native/everything-react-native/utility.ts": {"path":"/Users/freak/Desktop/Workspace/react-native/everything-react-native/utility.ts","statementMap":{"0":{"start":{"line":1,"column":37},"end":{"line":1,"column":75}},"1":{"start":{"line":3,"column":28},"end":{"line":6,"column":1}},"2":{"start":{"line":4,"column":2},"end":{"line":4,"column":26}},"3":{"start":{"line":4,"column":19},"end":{"line":4,"column":26}},"4":{"start":{"line":5,"column":2},"end":{"line":5,"column":28}}},"fnMap":{"0":{"name":"(anonymous_0)","decl":{"start":{"line":3,"column":28},"end":{"line":3,"column":29}},"loc":{"start":{"line":3,"column":44},"end":{"line":6,"column":1}},"line":3}},"branchMap":{"0":{"loc":{"start":{"line":4,"column":2},"end":{"line":4,"column":26}},"type":"if","locations":[{"start":{"line":4,"column":2},"end":{"line":4,"column":26}},{"start":{"line":4,"column":2},"end":{"line":4,"column":26}}],"line":4}},"s":{"0":2,"1":2,"2":2,"3":1,"4":1},"f":{"0":2},"b":{"0":[1,1]},"_coverageSchema":"1a1c01bbd47fc00a2c39e90264f33305004495a9","hash":"efb9fc6cb9ce76cc219690474b7695234ab065a9"}
,"/Users/freak/Desktop/Workspace/react-native/everything-react-native/apis/userApi.ts": {"path":"/Users/freak/Desktop/Workspace/react-native/everything-react-native/apis/userApi.ts","statementMap":{"0":{"start":{"line":5,"column":25},"end":{"line":25,"column":1}},"1":{"start":{"line":9,"column":2},"end":{"line":24,"column":3}},"2":{"start":{"line":10,"column":21},"end":{"line":14,"column":6}},"3":{"start":{"line":15,"column":17},"end":{"line":15,"column":38}},"4":{"start":{"line":16,"column":4},"end":{"line":19,"column":5}},"5":{"start":{"line":17,"column":24},"end":{"line":17,"column":28}},"6":{"start":{"line":18,"column":6},"end":{"line":18,"column":44}},"7":{"start":{"line":20,"column":4},"end":{"line":20,"column":51}},"8":{"start":{"line":22,"column":4},"end":{"line":22,"column":23}},"9":{"start":{"line":23,"column":4},"end":{"line":23,"column":52}}},"fnMap":{"0":{"name":"(anonymous_0)","decl":{"start":{"line":5,"column":25},"end":{"line":5,"column":26}},"loc":{"start":{"line":8,"column":27},"end":{"line":25,"column":1}},"line":8}},"branchMap":{"0":{"loc":{"start":{"line":16,"column":4},"end":{"line":19,"column":5}},"type":"if","locations":[{"start":{"line":16,"column":4},"end":{"line":19,"column":5}},{"start":{"line":16,"column":4},"end":{"line":19,"column":5}}],"line":16}},"s":{"0":1,"1":2,"2":2,"3":2,"4":2,"5":1,"6":1,"7":1,"8":0,"9":0},"f":{"0":2},"b":{"0":[1,1]},"_coverageSchema":"1a1c01bbd47fc00a2c39e90264f33305004495a9","hash":"2877069522f15655cfe6ea7fc744cf5fe587293a"}
,"/Users/freak/Desktop/Workspace/react-native/everything-react-native/store/user/actions.ts": {"path":"/Users/freak/Desktop/Workspace/react-native/everything-react-native/store/user/actions.ts","statementMap":{"0":{"start":{"line":10,"column":22},"end":{"line":21,"column":1}},"1":{"start":{"line":11,"column":2},"end":{"line":20,"column":4}},"2":{"start":{"line":12,"column":4},"end":{"line":12,"column":40}},"3":{"start":{"line":14,"column":19},"end":{"line":14,"column":51}},"4":{"start":{"line":15,"column":4},"end":{"line":19,"column":5}},"5":{"start":{"line":16,"column":6},"end":{"line":16,"column":65}},"6":{"start":{"line":18,"column":6},"end":{"line":18,"column":60}},"7":{"start":{"line":23,"column":23},"end":{"line":27,"column":1}},"8":{"start":{"line":24,"column":2},"end":{"line":26,"column":4}}},"fnMap":{"0":{"name":"(anonymous_0)","decl":{"start":{"line":10,"column":22},"end":{"line":10,"column":23}},"loc":{"start":{"line":10,"column":79},"end":{"line":21,"column":1}},"line":10},"1":{"name":"(anonymous_1)","decl":{"start":{"line":11,"column":9},"end":{"line":11,"column":10}},"loc":{"start":{"line":11,"column":29},"end":{"line":20,"column":3}},"line":11},"2":{"name":"(anonymous_2)","decl":{"start":{"line":23,"column":23},"end":{"line":23,"column":24}},"loc":{"start":{"line":23,"column":45},"end":{"line":27,"column":1}},"line":23}},"branchMap":{"0":{"loc":{"start":{"line":15,"column":4},"end":{"line":19,"column":5}},"type":"if","locations":[{"start":{"line":15,"column":4},"end":{"line":19,"column":5}},{"start":{"line":15,"column":4},"end":{"line":19,"column":5}}],"line":15}},"s":{"0":1,"1":2,"2":2,"3":2,"4":2,"5":1,"6":1,"7":1,"8":1},"f":{"0":2,"1":2,"2":1},"b":{"0":[1,1]},"_coverageSchema":"1a1c01bbd47fc00a2c39e90264f33305004495a9","hash":"232ec9002a43dd0d5ee56fc541491a1c16616e85"}
,"/Users/freak/Desktop/Workspace/react-native/everything-react-native/store/user/reducers.ts": {"path":"/Users/freak/Desktop/Workspace/react-native/everything-react-native/store/user/reducers.ts","statementMap":{"0":{"start":{"line":10,"column":39},"end":{"line":13,"column":1}},"1":{"start":{"line":15,"column":27},"end":{"line":36,"column":1}},"2":{"start":{"line":19,"column":2},"end":{"line":35,"column":3}},"3":{"start":{"line":21,"column":6},"end":{"line":21,"column":59}},"4":{"start":{"line":23,"column":6},"end":{"line":28,"column":8}},"5":{"start":{"line":30,"column":6},"end":{"line":30,"column":70}},"6":{"start":{"line":32,"column":6},"end":{"line":32,"column":41}},"7":{"start":{"line":34,"column":6},"end":{"line":34,"column":19}}},"fnMap":{"0":{"name":"(anonymous_0)","decl":{"start":{"line":15,"column":27},"end":{"line":15,"column":28}},"loc":{"start":{"line":18,"column":16},"end":{"line":36,"column":1}},"line":18}},"branchMap":{"0":{"loc":{"start":{"line":16,"column":2},"end":{"line":16,"column":33}},"type":"default-arg","locations":[{"start":{"line":16,"column":21},"end":{"line":16,"column":33}}],"line":16},"1":{"loc":{"start":{"line":19,"column":2},"end":{"line":35,"column":3}},"type":"switch","locations":[{"start":{"line":20,"column":4},"end":{"line":21,"column":59}},{"start":{"line":22,"column":4},"end":{"line":28,"column":8}},{"start":{"line":29,"column":4},"end":{"line":30,"column":70}},{"start":{"line":31,"column":4},"end":{"line":32,"column":41}},{"start":{"line":33,"column":4},"end":{"line":34,"column":19}}],"line":19}},"s":{"0":1,"1":1,"2":4,"3":1,"4":1,"5":1,"6":1,"7":0},"f":{"0":4},"b":{"0":[4],"1":[1,1,1,1,0]},"_coverageSchema":"1a1c01bbd47fc00a2c39e90264f33305004495a9","hash":"336ef39f1525df88a1a49252f232a29b46e9cab3"}
,"/Users/freak/Desktop/Workspace/react-native/everything-react-native/store/user/types.ts": {"path":"/Users/freak/Desktop/Workspace/react-native/everything-react-native/store/user/types.ts","statementMap":{"0":{"start":{"line":1,"column":31},"end":{"line":1,"column":48}},"1":{"start":{"line":2,"column":30},"end":{"line":2,"column":46}},"2":{"start":{"line":3,"column":28},"end":{"line":3,"column":42}},"3":{"start":{"line":5,"column":23},"end":{"line":5,"column":32}}},"fnMap":{},"branchMap":{},"s":{"0":2,"1":2,"2":2,"3":2},"f":{},"b":{},"_coverageSchema":"1a1c01bbd47fc00a2c39e90264f33305004495a9","hash":"b8f55be3766c90a8b1c103cbc269fccd87350914"}
}
